==00:00:00:00.000 7985== Memcheck, a memory error detector
==00:00:00:00.000 7985== Copyright (C) 2002-2017, and GNU GPL'd, by Julian Seward et al.
==00:00:00:00.000 7985== Using Valgrind-3.13.0 and LibVEX; rerun with -h for copyright info
==00:00:00:00.000 7985== Command: ./client 127.0.0.1 11001 revoke Federico\ Manuel\ Gomez\ Peter.cert client0.keys server.pubkeys
==00:00:00:00.000 7985== Parent PID: 7976
==00:00:00:00.000 7985== 
==00:00:00:00.713 7985== 
==00:00:00:00.713 7985== FILE DESCRIPTORS: 4 open at exit.
==00:00:00:00.713 7985== Open file descriptor 3: /home/santi/Escritorio/Ingenieria/2019/1er cuat/Taller de programacion I/tps/tp3/pruebas/revoke-invalid-subject/valgrind_client0.out
==00:00:00:00.713 7985==    <inherited from parent>
==00:00:00:00.713 7985== 
==00:00:00:00.713 7985== Open file descriptor 2: /dev/pts/0
==00:00:00:00.713 7985==    <inherited from parent>
==00:00:00:00.713 7985== 
==00:00:00:00.713 7985== Open file descriptor 1: /home/santi/Escritorio/Ingenieria/2019/1er cuat/Taller de programacion I/tps/tp3/pruebas/revoke-invalid-subject/client0.out
==00:00:00:00.713 7985==    <inherited from parent>
==00:00:00:00.713 7985== 
==00:00:00:00.713 7985== Open file descriptor 0: /home/santi/Escritorio/Ingenieria/2019/1er cuat/Taller de programacion I/tps/tp3/pruebas/revoke-invalid-subject/client0.in
==00:00:00:00.713 7985==    <inherited from parent>
==00:00:00:00.713 7985== 
==00:00:00:00.713 7985== 
==00:00:00:00.713 7985== HEAP SUMMARY:
==00:00:00:00.713 7985==     in use at exit: 0 bytes in 0 blocks
==00:00:00:00.713 7985==   total heap usage: 31 allocs, 31 frees, 104,729 bytes allocated
==00:00:00:00.713 7985== 
==00:00:00:00.713 7985== All heap blocks were freed -- no leaks are possible
==00:00:00:00.713 7985== 
==00:00:00:00.713 7985== For counts of detected and suppressed errors, rerun with: -v
==00:00:00:00.713 7985== ERROR SUMMARY: 0 errors from 0 contexts (suppressed: 0 from 0)
