==00:00:00:00.000 7979== Memcheck, a memory error detector
==00:00:00:00.000 7979== Copyright (C) 2002-2017, and GNU GPL'd, by Julian Seward et al.
==00:00:00:00.000 7979== Using Valgrind-3.13.0 and LibVEX; rerun with -h for copyright info
==00:00:00:00.000 7979== Command: ./server 11001 server.keys index.txt
==00:00:00:00.000 7979== Parent PID: 7976
==00:00:00:00.000 7979== 
==00:00:00:02.822 7979== 
==00:00:00:02.822 7979== FILE DESCRIPTORS: 4 open at exit.
==00:00:00:02.822 7979== Open file descriptor 3: /home/santi/Escritorio/Ingenieria/2019/1er cuat/Taller de programacion I/tps/tp3/pruebas/revoke-invalid-subject/valgrind_server.out
==00:00:00:02.822 7979==    <inherited from parent>
==00:00:00:02.822 7979== 
==00:00:00:02.822 7979== Open file descriptor 2: /home/santi/Escritorio/Ingenieria/2019/1er cuat/Taller de programacion I/tps/tp3/pruebas/revoke-invalid-subject/__server_stderr__
==00:00:00:02.822 7979==    <inherited from parent>
==00:00:00:02.822 7979== 
==00:00:00:02.822 7979== Open file descriptor 1: /home/santi/Escritorio/Ingenieria/2019/1er cuat/Taller de programacion I/tps/tp3/pruebas/revoke-invalid-subject/__server_stdout__
==00:00:00:02.822 7979==    <inherited from parent>
==00:00:00:02.822 7979== 
==00:00:00:02.822 7979== Open file descriptor 0: /home/santi/Escritorio/Ingenieria/2019/1er cuat/Taller de programacion I/tps/tp3/pruebas/revoke-invalid-subject/server-stdin
==00:00:00:02.822 7979==    <inherited from parent>
==00:00:00:02.822 7979== 
==00:00:00:02.822 7979== 
==00:00:00:02.822 7979== HEAP SUMMARY:
==00:00:00:02.822 7979==     in use at exit: 0 bytes in 0 blocks
==00:00:00:02.822 7979==   total heap usage: 31 allocs, 31 frees, 104,652 bytes allocated
==00:00:00:02.822 7979== 
==00:00:00:02.822 7979== All heap blocks were freed -- no leaks are possible
==00:00:00:02.822 7979== 
==00:00:00:02.822 7979== For counts of detected and suppressed errors, rerun with: -v
==00:00:00:02.822 7979== ERROR SUMMARY: 0 errors from 0 contexts (suppressed: 0 from 0)
