==00:00:00:00.000 12931== Memcheck, a memory error detector
==00:00:00:00.000 12931== Copyright (C) 2002-2017, and GNU GPL'd, by Julian Seward et al.
==00:00:00:00.000 12931== Using Valgrind-3.13.0 and LibVEX; rerun with -h for copyright info
==00:00:00:00.000 12931== Command: ./server 11001 server.keys index.txt
==00:00:00:00.000 12931== Parent PID: 12928
==00:00:00:00.000 12931== 
==00:00:00:02.850 12931== 
==00:00:00:02.850 12931== FILE DESCRIPTORS: 4 open at exit.
==00:00:00:02.850 12931== Open file descriptor 3: /home/santi/Escritorio/Ingenieria/2019/1er cuat/Taller de programacion I/tps/tp3/pruebas/revoke-certificate/valgrind_server.out
==00:00:00:02.850 12931==    <inherited from parent>
==00:00:00:02.850 12931== 
==00:00:00:02.850 12931== Open file descriptor 2: /home/santi/Escritorio/Ingenieria/2019/1er cuat/Taller de programacion I/tps/tp3/pruebas/revoke-certificate/__server_stderr__
==00:00:00:02.850 12931==    <inherited from parent>
==00:00:00:02.850 12931== 
==00:00:00:02.850 12931== Open file descriptor 1: /home/santi/Escritorio/Ingenieria/2019/1er cuat/Taller de programacion I/tps/tp3/pruebas/revoke-certificate/__server_stdout__
==00:00:00:02.850 12931==    <inherited from parent>
==00:00:00:02.850 12931== 
==00:00:00:02.850 12931== Open file descriptor 0: /home/santi/Escritorio/Ingenieria/2019/1er cuat/Taller de programacion I/tps/tp3/pruebas/revoke-certificate/server-stdin
==00:00:00:02.850 12931==    <inherited from parent>
==00:00:00:02.850 12931== 
==00:00:00:02.850 12931== 
==00:00:00:02.850 12931== HEAP SUMMARY:
==00:00:00:02.850 12931==     in use at exit: 0 bytes in 0 blocks
==00:00:00:02.850 12931==   total heap usage: 41 allocs, 41 frees, 105,610 bytes allocated
==00:00:00:02.850 12931== 
==00:00:00:02.850 12931== All heap blocks were freed -- no leaks are possible
==00:00:00:02.850 12931== 
==00:00:00:02.850 12931== For counts of detected and suppressed errors, rerun with: -v
==00:00:00:02.850 12931== ERROR SUMMARY: 0 errors from 0 contexts (suppressed: 0 from 0)
