==00:00:00:00.000 12940== Memcheck, a memory error detector
==00:00:00:00.000 12940== Copyright (C) 2002-2017, and GNU GPL'd, by Julian Seward et al.
==00:00:00:00.000 12940== Using Valgrind-3.13.0 and LibVEX; rerun with -h for copyright info
==00:00:00:00.000 12940== Command: ./client 127.0.0.1 11001 revoke Federico\ Manuel\ Gomez\ Peter.cert client0.keys server.pubkeys
==00:00:00:00.000 12940== Parent PID: 12928
==00:00:00:00.000 12940== 
==00:00:00:00.737 12940== 
==00:00:00:00.737 12940== FILE DESCRIPTORS: 4 open at exit.
==00:00:00:00.737 12940== Open file descriptor 3: /home/santi/Escritorio/Ingenieria/2019/1er cuat/Taller de programacion I/tps/tp3/pruebas/revoke-certificate/valgrind_client0.out
==00:00:00:00.737 12940==    <inherited from parent>
==00:00:00:00.737 12940== 
==00:00:00:00.737 12940== Open file descriptor 2: /dev/pts/0
==00:00:00:00.737 12940==    <inherited from parent>
==00:00:00:00.737 12940== 
==00:00:00:00.737 12940== Open file descriptor 1: /home/santi/Escritorio/Ingenieria/2019/1er cuat/Taller de programacion I/tps/tp3/pruebas/revoke-certificate/client0.out
==00:00:00:00.737 12940==    <inherited from parent>
==00:00:00:00.737 12940== 
==00:00:00:00.737 12940== Open file descriptor 0: /home/santi/Escritorio/Ingenieria/2019/1er cuat/Taller de programacion I/tps/tp3/pruebas/revoke-certificate/client0.in
==00:00:00:00.737 12940==    <inherited from parent>
==00:00:00:00.737 12940== 
==00:00:00:00.737 12940== 
==00:00:00:00.737 12940== HEAP SUMMARY:
==00:00:00:00.737 12940==     in use at exit: 0 bytes in 0 blocks
==00:00:00:00.737 12940==   total heap usage: 31 allocs, 31 frees, 104,729 bytes allocated
==00:00:00:00.737 12940== 
==00:00:00:00.737 12940== All heap blocks were freed -- no leaks are possible
==00:00:00:00.737 12940== 
==00:00:00:00.737 12940== For counts of detected and suppressed errors, rerun with: -v
==00:00:00:00.737 12940== ERROR SUMMARY: 0 errors from 0 contexts (suppressed: 0 from 0)
