==00:00:00:00.000 28558== Memcheck, a memory error detector
==00:00:00:00.000 28558== Copyright (C) 2002-2017, and GNU GPL'd, by Julian Seward et al.
==00:00:00:00.000 28558== Using Valgrind-3.13.0 and LibVEX; rerun with -h for copyright info
==00:00:00:00.000 28558== Command: ./client 127.0.0.1 11001 new client0.req client0.keys server.pubkeys
==00:00:00:00.000 28558== Parent PID: 28550
==00:00:00:00.000 28558== 
==00:00:00:00.704 28558== 
==00:00:00:00.704 28558== FILE DESCRIPTORS: 4 open at exit.
==00:00:00:00.704 28558== Open file descriptor 3: /home/santi/Escritorio/Ingenieria/2019/1er cuat/Taller de programacion I/tps/tp3/pruebas/create-certificate/valgrind_client0.out
==00:00:00:00.704 28558==    <inherited from parent>
==00:00:00:00.704 28558== 
==00:00:00:00.704 28558== Open file descriptor 2: /dev/pts/3
==00:00:00:00.704 28558==    <inherited from parent>
==00:00:00:00.704 28558== 
==00:00:00:00.704 28558== Open file descriptor 1: /home/santi/Escritorio/Ingenieria/2019/1er cuat/Taller de programacion I/tps/tp3/pruebas/create-certificate/client0.out
==00:00:00:00.704 28558==    <inherited from parent>
==00:00:00:00.704 28558== 
==00:00:00:00.704 28558== Open file descriptor 0: /home/santi/Escritorio/Ingenieria/2019/1er cuat/Taller de programacion I/tps/tp3/pruebas/create-certificate/client0.in
==00:00:00:00.704 28558==    <inherited from parent>
==00:00:00:00.704 28558== 
==00:00:00:00.704 28558== 
==00:00:00:00.704 28558== HEAP SUMMARY:
==00:00:00:00.704 28558==     in use at exit: 0 bytes in 0 blocks
==00:00:00:00.704 28558==   total heap usage: 19 allocs, 19 frees, 103,681 bytes allocated
==00:00:00:00.704 28558== 
==00:00:00:00.704 28558== All heap blocks were freed -- no leaks are possible
==00:00:00:00.704 28558== 
==00:00:00:00.704 28558== For counts of detected and suppressed errors, rerun with: -v
==00:00:00:00.704 28558== ERROR SUMMARY: 0 errors from 0 contexts (suppressed: 0 from 0)
