==00:00:00:00.000 28553== Memcheck, a memory error detector
==00:00:00:00.000 28553== Copyright (C) 2002-2017, and GNU GPL'd, by Julian Seward et al.
==00:00:00:00.000 28553== Using Valgrind-3.13.0 and LibVEX; rerun with -h for copyright info
==00:00:00:00.000 28553== Command: ./server 11001 server.keys index.txt
==00:00:00:00.000 28553== Parent PID: 28550
==00:00:00:00.000 28553== 
==00:00:00:02.798 28553== 
==00:00:00:02.798 28553== FILE DESCRIPTORS: 4 open at exit.
==00:00:00:02.798 28553== Open file descriptor 3: /home/santi/Escritorio/Ingenieria/2019/1er cuat/Taller de programacion I/tps/tp3/pruebas/create-certificate/valgrind_server.out
==00:00:00:02.798 28553==    <inherited from parent>
==00:00:00:02.798 28553== 
==00:00:00:02.798 28553== Open file descriptor 2: /home/santi/Escritorio/Ingenieria/2019/1er cuat/Taller de programacion I/tps/tp3/pruebas/create-certificate/__server_stderr__
==00:00:00:02.798 28553==    <inherited from parent>
==00:00:00:02.798 28553== 
==00:00:00:02.798 28553== Open file descriptor 1: /home/santi/Escritorio/Ingenieria/2019/1er cuat/Taller de programacion I/tps/tp3/pruebas/create-certificate/__server_stdout__
==00:00:00:02.798 28553==    <inherited from parent>
==00:00:00:02.798 28553== 
==00:00:00:02.798 28553== Open file descriptor 0: /home/santi/Escritorio/Ingenieria/2019/1er cuat/Taller de programacion I/tps/tp3/pruebas/create-certificate/server-stdin
==00:00:00:02.798 28553==    <inherited from parent>
==00:00:00:02.798 28553== 
==00:00:00:02.798 28553== 
==00:00:00:02.798 28553== HEAP SUMMARY:
==00:00:00:02.798 28553==     in use at exit: 0 bytes in 0 blocks
==00:00:00:02.798 28553==   total heap usage: 29 allocs, 29 frees, 104,534 bytes allocated
==00:00:00:02.798 28553== 
==00:00:00:02.798 28553== All heap blocks were freed -- no leaks are possible
==00:00:00:02.798 28553== 
==00:00:00:02.798 28553== For counts of detected and suppressed errors, rerun with: -v
==00:00:00:02.798 28553== ERROR SUMMARY: 0 errors from 0 contexts (suppressed: 0 from 0)
