==00:00:00:00.000 27205== Memcheck, a memory error detector
==00:00:00:00.000 27205== Copyright (C) 2002-2017, and GNU GPL'd, by Julian Seward et al.
==00:00:00:00.000 27205== Using Valgrind-3.13.0 and LibVEX; rerun with -h for copyright info
==00:00:00:00.000 27205== Command: ./client 127.0.0.1 11001 new client0.req client0.keys server.pubkeys
==00:00:00:00.000 27205== Parent PID: 27197
==00:00:00:00.000 27205== 
==00:00:00:14.489 27205== 
==00:00:00:14.489 27205== Process terminating with default action of signal 1 (SIGHUP)
==00:00:00:14.490 27205==    at 0x53EE7EA: recv (recv.c:28)
==00:00:00:14.490 27205==    by 0x10B9A0: Skt::leerMensaje(char*, int) (common_Skt.cpp:103)
==00:00:00:14.490 27205==    by 0x10B140: Mensajero::operator>>(unsigned char&) (common_Mensajero.cpp:50)
==00:00:00:14.490 27205==    by 0x10E054: Cliente::crearCertificado(Mensajero&) (client_Cliente.cpp:106)
==00:00:00:14.490 27205==    by 0x10DD31: Cliente::iniciar() (client_Cliente.cpp:67)
==00:00:00:14.490 27205==    by 0x10D2E4: main (client.cpp:15)
==00:00:00:14.521 27205== 
==00:00:00:14.521 27205== FILE DESCRIPTORS: 8 open at exit.
==00:00:00:14.521 27205== Open file descriptor 7: client0.req
==00:00:00:14.521 27205==    at 0x570BC8E: open (open64.c:47)
==00:00:00:14.521 27205==    by 0x5688589: _IO_file_open (fileops.c:189)
==00:00:00:14.521 27205==    by 0x5688589: _IO_file_fopen@@GLIBC_2.2.5 (fileops.c:281)
==00:00:00:14.521 27205==    by 0x567AEA9: __fopen_internal (iofopen.c:78)
==00:00:00:14.521 27205==    by 0x567AEA9: fopen@@GLIBC_2.2.5 (iofopen.c:89)
==00:00:00:14.521 27205==    by 0x4EEFD2F: std::__basic_file<char>::open(char const*, std::_Ios_Openmode, int) (in /usr/lib/x86_64-linux-gnu/libstdc++.so.6.0.25)
==00:00:00:14.521 27205==    by 0x4F30259: std::basic_filebuf<char, std::char_traits<char> >::open(char const*, std::_Ios_Openmode) (in /usr/lib/x86_64-linux-gnu/libstdc++.so.6.0.25)
==00:00:00:14.521 27205==    by 0x4F311FD: std::basic_ifstream<char, std::char_traits<char> >::basic_ifstream(std::__cxx11::basic_string<char, std::char_traits<char>, std::allocator<char> > const&, std::_Ios_Openmode) (in /usr/lib/x86_64-linux-gnu/libstdc++.so.6.0.25)
==00:00:00:14.521 27205==    by 0x10D3B3: InfoCertificado::InfoCertificado(std::__cxx11::basic_string<char, std::char_traits<char>, std::allocator<char> >&) (client_InfoCertificado.cpp:13)
==00:00:00:14.521 27205==    by 0x10DF4B: Cliente::crearCertificado(Mensajero&) (client_Cliente.cpp:89)
==00:00:00:14.521 27205==    by 0x10DD31: Cliente::iniciar() (client_Cliente.cpp:67)
==00:00:00:14.521 27205==    by 0x10D2E4: main (client.cpp:15)
==00:00:00:14.521 27205== 
==00:00:00:14.521 27205== Open file descriptor 6: server.pubkeys
==00:00:00:14.521 27205==    at 0x570BC8E: open (open64.c:47)
==00:00:00:14.521 27205==    by 0x5688589: _IO_file_open (fileops.c:189)
==00:00:00:14.521 27205==    by 0x5688589: _IO_file_fopen@@GLIBC_2.2.5 (fileops.c:281)
==00:00:00:14.521 27205==    by 0x567AEA9: __fopen_internal (iofopen.c:78)
==00:00:00:14.521 27205==    by 0x567AEA9: fopen@@GLIBC_2.2.5 (iofopen.c:89)
==00:00:00:14.521 27205==    by 0x4EEFD2F: std::__basic_file<char>::open(char const*, std::_Ios_Openmode, int) (in /usr/lib/x86_64-linux-gnu/libstdc++.so.6.0.25)
==00:00:00:14.522 27205==    by 0x4F30259: std::basic_filebuf<char, std::char_traits<char> >::open(char const*, std::_Ios_Openmode) (in /usr/lib/x86_64-linux-gnu/libstdc++.so.6.0.25)
==00:00:00:14.522 27205==    by 0x4F311FD: std::basic_ifstream<char, std::char_traits<char> >::basic_ifstream(std::__cxx11::basic_string<char, std::char_traits<char>, std::allocator<char> > const&, std::_Ios_Openmode) (in /usr/lib/x86_64-linux-gnu/libstdc++.so.6.0.25)
==00:00:00:14.522 27205==    by 0x10CEFB: InfoClave::InfoClave(std::__cxx11::basic_string<char, std::char_traits<char>, std::allocator<char> >&) (common_InfoClave.cpp:13)
==00:00:00:14.522 27205==    by 0x10DF0F: Cliente::crearCertificado(Mensajero&) (client_Cliente.cpp:86)
==00:00:00:14.522 27205==    by 0x10DD31: Cliente::iniciar() (client_Cliente.cpp:67)
==00:00:00:14.522 27205==    by 0x10D2E4: main (client.cpp:15)
==00:00:00:14.522 27205== 
==00:00:00:14.522 27205== Open file descriptor 5: client0.keys
==00:00:00:14.522 27205==    at 0x570BC8E: open (open64.c:47)
==00:00:00:14.522 27205==    by 0x5688589: _IO_file_open (fileops.c:189)
==00:00:00:14.522 27205==    by 0x5688589: _IO_file_fopen@@GLIBC_2.2.5 (fileops.c:281)
==00:00:00:14.522 27205==    by 0x567AEA9: __fopen_internal (iofopen.c:78)
==00:00:00:14.522 27205==    by 0x567AEA9: fopen@@GLIBC_2.2.5 (iofopen.c:89)
==00:00:00:14.522 27205==    by 0x4EEFD2F: std::__basic_file<char>::open(char const*, std::_Ios_Openmode, int) (in /usr/lib/x86_64-linux-gnu/libstdc++.so.6.0.25)
==00:00:00:14.522 27205==    by 0x4F30259: std::basic_filebuf<char, std::char_traits<char> >::open(char const*, std::_Ios_Openmode) (in /usr/lib/x86_64-linux-gnu/libstdc++.so.6.0.25)
==00:00:00:14.522 27205==    by 0x4F311FD: std::basic_ifstream<char, std::char_traits<char> >::basic_ifstream(std::__cxx11::basic_string<char, std::char_traits<char>, std::allocator<char> > const&, std::_Ios_Openmode) (in /usr/lib/x86_64-linux-gnu/libstdc++.so.6.0.25)
==00:00:00:14.522 27205==    by 0x10CEFB: InfoClave::InfoClave(std::__cxx11::basic_string<char, std::char_traits<char>, std::allocator<char> >&) (common_InfoClave.cpp:13)
==00:00:00:14.522 27205==    by 0x10DED3: Cliente::crearCertificado(Mensajero&) (client_Cliente.cpp:83)
==00:00:00:14.522 27205==    by 0x10DD31: Cliente::iniciar() (client_Cliente.cpp:67)
==00:00:00:14.522 27205==    by 0x10D2E4: main (client.cpp:15)
==00:00:00:14.522 27205== 
==00:00:00:14.522 27205== Open AF_INET socket 4: 127.0.0.1:59142 <-> 127.0.0.1:11001
==00:00:00:14.522 27205==    at 0x571EEC7: socket (syscall-template.S:78)
==00:00:00:14.522 27205==    by 0x10B732: Skt::conectar() (common_Skt.cpp:52)
==00:00:00:14.522 27205==    by 0x10DCD7: Cliente::iniciar() (client_Cliente.cpp:62)
==00:00:00:14.522 27205==    by 0x10D2E4: main (client.cpp:15)
==00:00:00:14.522 27205== 
==00:00:00:14.522 27205== Open file descriptor 3: /home/santi/Escritorio/Ingenieria/2019/1er cuat/Taller de programacion I/tps/tp3/pruebas/create-invalid-hash/valgrind_client0.out
==00:00:00:14.522 27205==    <inherited from parent>
==00:00:00:14.522 27205== 
==00:00:00:14.522 27205== Open file descriptor 2: /dev/pts/3
==00:00:00:14.522 27205==    <inherited from parent>
==00:00:00:14.522 27205== 
==00:00:00:14.522 27205== Open file descriptor 1: /home/santi/Escritorio/Ingenieria/2019/1er cuat/Taller de programacion I/tps/tp3/pruebas/create-invalid-hash/client0.out
==00:00:00:14.522 27205==    <inherited from parent>
==00:00:00:14.522 27205== 
==00:00:00:14.522 27205== Open file descriptor 0: /home/santi/Escritorio/Ingenieria/2019/1er cuat/Taller de programacion I/tps/tp3/pruebas/create-invalid-hash/client0.in
==00:00:00:14.522 27205==    <inherited from parent>
==00:00:00:14.522 27205== 
==00:00:00:14.522 27205== 
==00:00:00:14.522 27205== HEAP SUMMARY:
==00:00:00:14.522 27205==     in use at exit: 26,593 bytes in 13 blocks
==00:00:00:14.522 27205==   total heap usage: 18 allocs, 5 frees, 99,585 bytes allocated
==00:00:00:14.522 27205== 
==00:00:00:14.522 27205== LEAK SUMMARY:
==00:00:00:14.522 27205==    definitely lost: 0 bytes in 0 blocks
==00:00:00:14.522 27205==    indirectly lost: 0 bytes in 0 blocks
==00:00:00:14.522 27205==      possibly lost: 0 bytes in 0 blocks
==00:00:00:14.522 27205==    still reachable: 26,593 bytes in 13 blocks
==00:00:00:14.522 27205==         suppressed: 0 bytes in 0 blocks
==00:00:00:14.522 27205== Reachable blocks (those to which a pointer was found) are not shown.
==00:00:00:14.522 27205== To see them, rerun with: --leak-check=full --show-leak-kinds=all
==00:00:00:14.522 27205== 
==00:00:00:14.522 27205== For counts of detected and suppressed errors, rerun with: -v
==00:00:00:14.522 27205== ERROR SUMMARY: 0 errors from 0 contexts (suppressed: 0 from 0)
