==00:00:00:00.000 27200== Memcheck, a memory error detector
==00:00:00:00.000 27200== Copyright (C) 2002-2017, and GNU GPL'd, by Julian Seward et al.
==00:00:00:00.000 27200== Using Valgrind-3.13.0 and LibVEX; rerun with -h for copyright info
==00:00:00:00.000 27200== Command: ./server 11001 server.keys index.txt
==00:00:00:00.000 27200== Parent PID: 27197
==00:00:00:00.000 27200== 
==00:00:00:15.517 27200== 
==00:00:00:15.517 27200== Process terminating with default action of signal 1 (SIGHUP)
==00:00:00:15.518 27200==    at 0x570C0B4: read (read.c:27)
==00:00:00:15.518 27200==    by 0x5689147: _IO_file_underflow@@GLIBC_2.2.5 (fileops.c:531)
==00:00:00:15.518 27200==    by 0x568A3F1: _IO_default_uflow (genops.c:380)
==00:00:00:15.518 27200==    by 0x5683E97: getc (getc.c:40)
==00:00:00:15.518 27200==    by 0x4F2995C: __gnu_cxx::stdio_sync_filebuf<char, std::char_traits<char> >::underflow() (in /usr/lib/x86_64-linux-gnu/libstdc++.so.6.0.25)
==00:00:00:15.518 27200==    by 0x4F37739: std::istream::sentry::sentry(std::istream&, bool) (in /usr/lib/x86_64-linux-gnu/libstdc++.so.6.0.25)
==00:00:00:15.518 27200==    by 0x4F3901A: std::basic_istream<char, std::char_traits<char> >& std::operator>><char, std::char_traits<char> >(std::basic_istream<char, std::char_traits<char> >&, char&) (in /usr/lib/x86_64-linux-gnu/libstdc++.so.6.0.25)
==00:00:00:15.518 27200==    by 0x10DE9E: Server::iniciar() (server_Server.cpp:51)
==00:00:00:15.518 27200==    by 0x10DBD4: main (server.cpp:14)
==00:00:00:15.549 27200== 
==00:00:00:15.549 27200== FILE DESCRIPTORS: 6 open at exit.
==00:00:00:15.549 27200== Open file descriptor 5: server.keys
==00:00:00:15.550 27200==    at 0x570BC8E: open (open64.c:47)
==00:00:00:15.550 27200==    by 0x5688589: _IO_file_open (fileops.c:189)
==00:00:00:15.550 27200==    by 0x5688589: _IO_file_fopen@@GLIBC_2.2.5 (fileops.c:281)
==00:00:00:15.550 27200==    by 0x567AEA9: __fopen_internal (iofopen.c:78)
==00:00:00:15.550 27200==    by 0x567AEA9: fopen@@GLIBC_2.2.5 (iofopen.c:89)
==00:00:00:15.550 27200==    by 0x4EEFD2F: std::__basic_file<char>::open(char const*, std::_Ios_Openmode, int) (in /usr/lib/x86_64-linux-gnu/libstdc++.so.6.0.25)
==00:00:00:15.550 27200==    by 0x4F30259: std::basic_filebuf<char, std::char_traits<char> >::open(char const*, std::_Ios_Openmode) (in /usr/lib/x86_64-linux-gnu/libstdc++.so.6.0.25)
==00:00:00:15.550 27200==    by 0x4F311FD: std::basic_ifstream<char, std::char_traits<char> >::basic_ifstream(std::__cxx11::basic_string<char, std::char_traits<char>, std::allocator<char> > const&, std::_Ios_Openmode) (in /usr/lib/x86_64-linux-gnu/libstdc++.so.6.0.25)
==00:00:00:15.550 27200==    by 0x10D7EB: InfoClave::InfoClave(std::__cxx11::basic_string<char, std::char_traits<char>, std::allocator<char> >&) (common_InfoClave.cpp:13)
==00:00:00:15.550 27200==    by 0x10DE13: Server::iniciar() (server_Server.cpp:43)
==00:00:00:15.550 27200==    by 0x10DBD4: main (server.cpp:14)
==00:00:00:15.550 27200== 
==00:00:00:15.550 27200== Open AF_INET socket 4: 0.0.0.0:11001 <-> unbound
==00:00:00:15.550 27200==    at 0x571EEC7: socket (syscall-template.S:78)
==00:00:00:15.550 27200==    by 0x114125: SktAceptador::escucharClientes() (server_SktAceptador.cpp:52)
==00:00:00:15.550 27200==    by 0x10DDE6: Server::iniciar() (server_Server.cpp:41)
==00:00:00:15.550 27200==    by 0x10DBD4: main (server.cpp:14)
==00:00:00:15.550 27200== 
==00:00:00:15.550 27200== Open file descriptor 3: /home/santi/Escritorio/Ingenieria/2019/1er cuat/Taller de programacion I/tps/tp3/pruebas/create-invalid-hash/valgrind_server.out
==00:00:00:15.550 27200==    <inherited from parent>
==00:00:00:15.550 27200== 
==00:00:00:15.550 27200== Open file descriptor 2: /home/santi/Escritorio/Ingenieria/2019/1er cuat/Taller de programacion I/tps/tp3/pruebas/create-invalid-hash/__server_stderr__
==00:00:00:15.550 27200==    <inherited from parent>
==00:00:00:15.550 27200== 
==00:00:00:15.550 27200== Open file descriptor 1: /home/santi/Escritorio/Ingenieria/2019/1er cuat/Taller de programacion I/tps/tp3/pruebas/create-invalid-hash/__server_stdout__
==00:00:00:15.550 27200==    <inherited from parent>
==00:00:00:15.550 27200== 
==00:00:00:15.550 27200== Open file descriptor 0: /home/santi/Escritorio/Ingenieria/2019/1er cuat/Taller de programacion I/tps/tp3/pruebas/create-invalid-hash/server-stdin
==00:00:00:15.550 27200==    <inherited from parent>
==00:00:00:15.550 27200== 
==00:00:00:15.550 27200== 
==00:00:00:15.550 27200== HEAP SUMMARY:
==00:00:00:15.550 27200==     in use at exit: 9,168 bytes in 6 blocks
==00:00:00:15.550 27200==   total heap usage: 16 allocs, 10 frees, 95,098 bytes allocated
==00:00:00:15.550 27200== 
==00:00:00:15.570 27200== 288 bytes in 1 blocks are possibly lost in loss record 4 of 6
==00:00:00:15.570 27200==    at 0x4C31B25: calloc (in /usr/lib/valgrind/vgpreload_memcheck-amd64-linux.so)
==00:00:00:15.570 27200==    by 0x40134A6: allocate_dtv (dl-tls.c:286)
==00:00:00:15.570 27200==    by 0x40134A6: _dl_allocate_tls (dl-tls.c:530)
==00:00:00:15.570 27200==    by 0x53E5227: allocate_stack (allocatestack.c:627)
==00:00:00:15.570 27200==    by 0x53E5227: pthread_create@@GLIBC_2.2.5 (pthread_create.c:644)
==00:00:00:15.570 27200==    by 0x4EF9834: std::thread::_M_start_thread(std::unique_ptr<std::thread::_State, std::default_delete<std::thread::_State> >, void (*)()) (in /usr/lib/x86_64-linux-gnu/libstdc++.so.6.0.25)
==00:00:00:15.570 27200==    by 0x1110EA: std::thread::thread<void (Thread::*)(), Thread*>(void (Thread::*&&)(), Thread*&&) (thread:126)
==00:00:00:15.570 27200==    by 0x110CC7: Thread::start() (server_Thread.cpp:12)
==00:00:00:15.570 27200==    by 0x10DE88: Server::iniciar() (server_Server.cpp:47)
==00:00:00:15.570 27200==    by 0x10DBD4: main (server.cpp:14)
==00:00:00:15.570 27200== 
==00:00:00:15.570 27200== LEAK SUMMARY:
==00:00:00:15.570 27200==    definitely lost: 0 bytes in 0 blocks
==00:00:00:15.570 27200==    indirectly lost: 0 bytes in 0 blocks
==00:00:00:15.570 27200==      possibly lost: 288 bytes in 1 blocks
==00:00:00:15.570 27200==    still reachable: 8,880 bytes in 5 blocks
==00:00:00:15.570 27200==         suppressed: 0 bytes in 0 blocks
==00:00:00:15.570 27200== Reachable blocks (those to which a pointer was found) are not shown.
==00:00:00:15.570 27200== To see them, rerun with: --leak-check=full --show-leak-kinds=all
==00:00:00:15.570 27200== 
==00:00:00:15.570 27200== For counts of detected and suppressed errors, rerun with: -v
==00:00:00:15.570 27200== ERROR SUMMARY: 1 errors from 1 contexts (suppressed: 0 from 0)
